2025-03-20 22:46:53,566 - __main__ - INFO - Starting Vietnamese Image Labeling Tool
2025-03-20 22:51:33,508 - __main__ - INFO - Starting Vietnamese Image Labeling Tool
2025-03-20 22:52:27,932 - __main__ - INFO - Starting Vietnamese Image Labeling Tool
2025-03-20 22:54:16,573 - __main__ - INFO - Starting Vietnamese Image Labeling Tool
2025-03-20 22:56:04,827 - __main__ - INFO - Starting Vietnamese Image Labeling Tool
2025-03-20 22:56:20,186 - __main__ - INFO - Starting Vietnamese Image Labeling Tool
2025-03-20 22:57:57,510 - __main__ - INFO - Starting Vietnamese Image Labeling Tool
2025-03-20 22:59:55,282 - __main__ - INFO - Starting Vietnamese Image Labeling Tool
2025-03-20 23:02:36,688 - __main__ - INFO - Starting Vietnamese Image Labeling Tool
2025-03-20 23:05:07,309 - __main__ - INFO - Starting Vietnamese Image Labeling Tool
2025-03-20 23:06:36,132 - __main__ - INFO - Starting Vietnamese Image Labeling Tool
2025-03-20 23:10:22,902 - __main__ - INFO - Starting Vietnamese Image Labeling Tool
2025-03-20 23:14:34,413 - __main__ - INFO - Starting Vietnamese Image Labeling Tool
2025-03-20 23:21:16,035 - __main__ - INFO - Starting Vietnamese Image Labeling Tool
2025-03-20 23:28:33,027 - __main__ - INFO - Starting Vietnamese Image Labeling Tool
2025-03-20 23:31:06,215 - __main__ - INFO - Starting Vietnamese Image Labeling Tool
2025-03-20 23:32:08,393 - __main__ - INFO - Starting Vietnamese Image Labeling Tool
2025-03-20 23:35:48,113 - __main__ - INFO - Starting Vietnamese Image Labeling Tool
2025-03-20 23:38:16,096 - __main__ - INFO - Starting Vietnamese Image Labeling Tool
2025-03-20 23:39:13,898 - __main__ - INFO - Starting Vietnamese Image Labeling Tool
2025-03-20 23:39:58,777 - __main__ - INFO - Starting Vietnamese Image Labeling Tool
2025-03-20 23:46:19,454 - __main__ - INFO - Starting Vietnamese Image Labeling Tool
2025-03-20 23:50:01,409 - __main__ - INFO - Starting Vietnamese Image Labeling Tool
2025-03-20 23:53:41,184 - __main__ - INFO - Starting Vietnamese Image Labeling Tool
2025-03-20 23:59:00,284 - __main__ - INFO - Starting Vietnamese Image Labeling Tool
2025-03-21 00:00:46,816 - __main__ - INFO - Starting Vietnamese Image Labeling Tool
2025-03-21 00:05:43,042 - __main__ - INFO - Starting Vietnamese Image Labeling Tool
2025-03-21 00:09:09,832 - __main__ - INFO - Starting Vietnamese Image Labeling Tool
2025-03-21 00:14:44,536 - __main__ - INFO - Starting Vietnamese Image Labeling Tool
2025-03-21 00:15:55,137 - __main__ - INFO - Starting Vietnamese Image Labeling Tool
2025-03-21 00:16:31,604 - __main__ - INFO - Starting Vietnamese Image Labeling Tool
2025-03-21 00:18:10,720 - __main__ - INFO - Starting Vietnamese Image Labeling Tool
2025-03-21 00:20:24,808 - __main__ - INFO - Starting Vietnamese Image Labeling Tool
2025-03-21 00:23:52,915 - __main__ - INFO - Starting Vietnamese Image Labeling Tool
2025-03-21 00:25:57,134 - __main__ - INFO - Starting Vietnamese Image Labeling Tool
2025-03-21 22:36:46,655 - __main__ - INFO - Starting Vietnamese Image Labeling Tool
2025-03-21 22:39:56,367 - __main__ - INFO - Starting Vietnamese Image Labeling Tool
2025-03-21 22:45:52,736 - __main__ - INFO - Starting Vietnamese Image Labeling Tool
2025-03-21 22:48:44,659 - __main__ - INFO - Starting Vietnamese Image Labeling Tool
2025-03-21 22:53:36,256 - __main__ - INFO - Starting Vietnamese Image Labeling Tool
2025-03-21 22:55:50,272 - __main__ - INFO - Starting Vietnamese Image Labeling Tool
2025-03-21 22:58:01,258 - __main__ - INFO - Starting Vietnamese Image Labeling Tool
2025-03-21 23:00:18,798 - __main__ - INFO - Starting Vietnamese Image Labeling Tool
2025-03-21 23:05:00,352 - __main__ - INFO - Starting Vietnamese Image Labeling Tool
2025-03-21 23:09:48,241 - __main__ - INFO - Starting Vietnamese Image Labeling Tool
2025-03-21 23:13:00,137 - __main__ - INFO - Starting Vietnamese Image Labeling Tool
2025-03-21 23:15:40,436 - __main__ - INFO - Starting Vietnamese Image Labeling Tool
2025-03-21 23:18:18,994 - __main__ - INFO - Starting Vietnamese Image Labeling Tool
2025-03-21 23:23:09,646 - __main__ - INFO - Starting Vietnamese Image Labeling Tool
2025-03-21 23:26:55,759 - __main__ - INFO - Starting Vietnamese Image Labeling Tool
2025-03-21 23:29:48,318 - __main__ - INFO - Starting Vietnamese Image Labeling Tool
2025-03-21 23:32:11,683 - __main__ - INFO - Starting Vietnamese Image Labeling Tool
2025-03-21 23:35:20,786 - __main__ - INFO - Starting Vietnamese Image Labeling Tool
2025-03-21 23:37:41,028 - __main__ - INFO - Starting Vietnamese Image Labeling Tool
2025-03-21 23:40:03,604 - __main__ - INFO - Starting Vietnamese Image Labeling Tool
2025-03-21 23:41:55,413 - __main__ - INFO - Starting Vietnamese Image Labeling Tool
2025-03-21 23:45:04,411 - __main__ - INFO - Starting Vietnamese Image Labeling Tool
2025-03-21 23:48:16,923 - __main__ - INFO - Starting Vietnamese Image Labeling Tool
2025-03-21 23:50:17,738 - __main__ - INFO - Starting Vietnamese Image Labeling Tool
2025-03-22 15:14:49,762 - __main__ - INFO - Starting Vietnamese Image Labeling Tool
2025-03-22 15:18:53,322 - __main__ - INFO - Starting Vietnamese Image Labeling Tool
2025-03-22 15:21:07,166 - __main__ - INFO - Starting Vietnamese Image Labeling Tool
2025-03-22 15:23:21,673 - __main__ - INFO - Starting Vietnamese Image Labeling Tool
2025-03-22 15:41:01,290 - __main__ - INFO - Starting Vietnamese Image Labeling Tool
2025-03-22 15:42:39,517 - __main__ - INFO - Starting Vietnamese Image Labeling Tool
2025-03-22 15:42:52,730 - __main__ - INFO - Starting Vietnamese Image Labeling Tool
2025-03-22 16:19:23,987 - __main__ - INFO - Starting Vietnamese Image Labeling Tool
2025-03-23 22:33:42,979 - __main__ - INFO - Starting Vietnamese Image Labeling Tool
2025-03-23 22:51:15,097 - __main__ - INFO - Starting Vietnamese Image Labeling Tool
2025-03-23 22:51:25,536 - __main__ - INFO - Starting Vietnamese Image Labeling Tool
2025-03-23 22:53:24,348 - __main__ - INFO - Starting Vietnamese Image Labeling Tool
2025-03-23 22:58:03,371 - __main__ - INFO - Starting Vietnamese Image Labeling Tool
2025-03-23 23:01:16,138 - __main__ - INFO - Starting Vietnamese Image Labeling Tool
2025-03-23 23:04:44,352 - __main__ - INFO - Starting Vietnamese Image Labeling Tool
2025-03-23 23:08:28,788 - __main__ - INFO - Starting Vietnamese Image Labeling Tool
2025-03-23 23:08:46,763 - __main__ - INFO - Starting Vietnamese Image Labeling Tool
2025-03-23 23:09:21,135 - __main__ - INFO - Starting Vietnamese Image Labeling Tool
2025-03-23 23:12:09,901 - __main__ - INFO - Starting Vietnamese Image Labeling Tool
2025-03-23 23:14:50,396 - __main__ - INFO - Starting Vietnamese Image Labeling Tool
2025-03-23 23:20:11,190 - __main__ - INFO - Starting Vietnamese Image Labeling Tool
2025-03-23 23:22:23,207 - __main__ - INFO - Starting Vietnamese Image Labeling Tool
2025-03-23 23:25:26,202 - __main__ - INFO - Starting Vietnamese Image Labeling Tool
2025-03-23 23:38:36,200 - __main__ - INFO - Starting Vietnamese Image Labeling Tool
2025-03-23 23:42:31,178 - __main__ - INFO - Starting Vietnamese Image Labeling Tool
2025-03-23 23:44:21,999 - __main__ - INFO - Starting Vietnamese Image Labeling Tool
2025-03-23 23:45:42,250 - __main__ - INFO - Starting Vietnamese Image Labeling Tool
2025-03-23 23:47:04,039 - __main__ - INFO - Starting Vietnamese Image Labeling Tool
2025-03-23 23:47:38,712 - __main__ - INFO - Starting Vietnamese Image Labeling Tool
2025-03-23 23:50:05,408 - __main__ - INFO - Starting Vietnamese Image Labeling Tool
2025-03-23 23:53:14,166 - __main__ - INFO - Starting Vietnamese Image Labeling Tool
2025-03-23 23:55:23,572 - __main__ - INFO - Starting Vietnamese Image Labeling Tool
2025-03-24 00:04:50,532 - __main__ - INFO - Starting Vietnamese Image Labeling Tool
2025-03-24 00:07:01,200 - __main__ - INFO - Starting Vietnamese Image Labeling Tool
2025-03-24 00:09:40,915 - __main__ - INFO - Starting Vietnamese Image Labeling Tool
2025-03-24 00:11:50,284 - __main__ - INFO - Starting Vietnamese Image Labeling Tool
2025-03-24 00:12:10,482 - __main__ - INFO - Starting Vietnamese Image Labeling Tool
2025-03-24 00:18:24,772 - __main__ - INFO - Starting Vietnamese Image Labeling Tool
2025-03-24 00:20:28,309 - __main__ - INFO - Starting Vietnamese Image Labeling Tool
2025-03-24 00:22:44,137 - __main__ - INFO - Starting Vietnamese Image Labeling Tool
2025-03-24 00:24:00,604 - __main__ - INFO - Starting Vietnamese Image Labeling Tool
2025-03-24 00:25:58,431 - __main__ - INFO - Starting Vietnamese Image Labeling Tool
2025-03-24 00:27:57,162 - __main__ - INFO - Starting Vietnamese Image Labeling Tool
2025-03-24 00:29:07,598 - __main__ - INFO - Starting Vietnamese Image Labeling Tool
2025-03-24 00:30:46,124 - __main__ - INFO - Starting Vietnamese Image Labeling Tool
2025-03-24 00:32:52,762 - __main__ - INFO - Starting Vietnamese Image Labeling Tool
2025-03-24 00:35:14,193 - __main__ - INFO - Starting Vietnamese Image Labeling Tool
2025-03-24 00:37:58,870 - __main__ - INFO - Starting Vietnamese Image Labeling Tool
2025-03-24 00:39:45,511 - __main__ - INFO - Starting Vietnamese Image Labeling Tool
2025-03-24 00:41:01,633 - __main__ - INFO - Starting Vietnamese Image Labeling Tool
2025-03-24 00:42:36,018 - __main__ - INFO - Starting Vietnamese Image Labeling Tool
2025-03-24 00:43:44,097 - __main__ - INFO - Starting Vietnamese Image Labeling Tool
2025-03-24 00:45:24,291 - __main__ - INFO - Starting Vietnamese Image Labeling Tool
2025-03-24 00:57:12,061 - __main__ - INFO - Starting Vietnamese Image Labeling Tool
2025-03-24 00:57:52,434 - __main__ - INFO - Starting Vietnamese Image Labeling Tool
2025-03-24 00:58:53,591 - __main__ - INFO - Starting Vietnamese Image Labeling Tool
2025-03-24 01:00:01,594 - __main__ - INFO - Starting Vietnamese Image Labeling Tool
2025-03-24 20:52:08,485 - __main__ - INFO - Starting Vietnamese Image Labeling Tool
2025-03-24 20:56:03,801 - __main__ - INFO - Starting Vietnamese Image Labeling Tool
2025-03-24 20:57:10,257 - __main__ - INFO - Starting Vietnamese Image Labeling Tool
2025-03-24 20:58:14,968 - __main__ - INFO - Starting Vietnamese Image Labeling Tool
2025-03-24 20:59:48,918 - __main__ - INFO - Starting Vietnamese Image Labeling Tool
2025-03-24 21:01:05,199 - __main__ - INFO - Starting Vietnamese Image Labeling Tool
2025-03-24 21:02:21,486 - __main__ - INFO - Starting Vietnamese Image Labeling Tool
2025-03-24 21:03:33,672 - __main__ - INFO - Starting Vietnamese Image Labeling Tool
2025-03-24 21:04:46,468 - __main__ - INFO - Starting Vietnamese Image Labeling Tool
2025-03-24 21:05:44,369 - __main__ - INFO - Starting Vietnamese Image Labeling Tool
2025-03-24 21:06:38,423 - __main__ - INFO - Starting Vietnamese Image Labeling Tool
2025-03-24 21:06:54,432 - __main__ - INFO - Starting Vietnamese Image Labeling Tool
2025-03-24 21:08:54,611 - __main__ - INFO - Starting Vietnamese Image Labeling Tool
2025-03-24 21:10:19,090 - __main__ - INFO - Starting Vietnamese Image Labeling Tool
2025-03-24 21:12:25,307 - __main__ - INFO - Starting Vietnamese Image Labeling Tool
2025-03-24 21:14:33,791 - __main__ - INFO - Starting Vietnamese Image Labeling Tool
2025-03-24 21:20:49,803 - __main__ - INFO - Starting Vietnamese Image Labeling Tool
2025-03-24 21:24:00,478 - __main__ - INFO - Starting Vietnamese Image Labeling Tool
2025-03-24 21:24:28,271 - __main__ - INFO - Starting Vietnamese Image Labeling Tool
2025-03-24 21:24:48,237 - __main__ - INFO - Starting Vietnamese Image Labeling Tool
2025-03-24 21:25:02,225 - __main__ - INFO - Starting Vietnamese Image Labeling Tool
2025-03-24 21:31:14,833 - __main__ - INFO - Starting Vietnamese Image Labeling Tool
2025-03-24 21:33:53,179 - __main__ - INFO - Starting Vietnamese Image Labeling Tool
2025-03-24 21:35:24,253 - __main__ - INFO - Starting Vietnamese Image Labeling Tool
2025-03-24 21:38:34,104 - __main__ - INFO - Starting Vietnamese Image Labeling Tool
2025-03-24 21:38:45,274 - src.ui.vietnam_main_window - INFO - Question confirmed, initiating save...
2025-03-24 21:38:45,274 - src.ui.vietnam_main_window - INFO - Starting save_current_data...
2025-03-24 21:38:45,275 - src.ui.vietnam_main_window - INFO - Questions to save: [{'question_id': 1, 'question': 'ha ha', 'question_type': 'existence_checking', 'answerable': 0, 'source': 'manually_annotated', 'answers': [{'answer_id': 1, 'answer_text': 'Không thể trả lời được câu hỏi dựa vào thông tin trong ảnh', 'is_correct': False}], 'tags': ['CUP'], 'is_confirmed': True, 'original_text': 'ha ha'}]
2025-03-24 21:38:45,275 - src.ui.vietnam_main_window - INFO - Saving for image: 0803.png, base name: 0803
2025-03-24 21:38:45,275 - src.ui.vietnam_main_window - INFO - JSON path: data/labels/0803.json
2025-03-24 21:38:45,275 - src.ui.vietnam_main_window - INFO - TXT path: data/labels/0803.txt
2025-03-24 21:38:45,275 - src.ui.vietnam_main_window - INFO - Label folder exists: True
2025-03-24 21:38:45,275 - src.ui.vietnam_main_window - INFO - Label folder path: /Users/minhduy/Project/image_labelling_tool/data/labels
2025-03-24 21:38:45,275 - src.ui.vietnam_main_window - INFO - Selected image source: self_collected
2025-03-24 21:38:45,276 - src.ui.vietnam_main_window - INFO - Attempting to save JSON to: data/labels/0803.json
2025-03-24 21:38:45,276 - src.ui.vietnam_main_window - INFO - Successfully wrote JSON file: data/labels/0803.json
2025-03-24 21:38:45,276 - src.ui.vietnam_main_window - INFO - Attempting to save TXT to: data/labels/0803.txt
2025-03-24 21:38:45,277 - src.ui.vietnam_main_window - INFO - Successfully wrote TXT file: data/labels/0803.txt
2025-03-24 21:38:46,758 - src.ui.vietnam_main_window - INFO - Save completed successfully!
2025-03-24 21:42:20,533 - __main__ - INFO - Starting Vietnamese Image Labeling Tool
2025-03-24 21:42:30,592 - src.ui.vietnam_main_window - INFO - Question confirmed, initiating save...
2025-03-24 21:42:30,592 - src.ui.vietnam_main_window - INFO - Starting save_current_data...
2025-03-24 21:42:30,592 - src.ui.vietnam_main_window - INFO - Original questions to save: [{'question_id': 1, 'question': 'haha', 'question_type': 'existence_checking', 'answerable': 0, 'source': 'manually_annotated', 'answers': [{'answer_id': 1, 'answer_text': 'Không thể trả lời được câu hỏi dựa vào thông tin trong ảnh', 'is_correct': False}], 'tags': ['CUP'], 'is_confirmed': True, 'original_text': 'haha'}]
2025-03-24 21:42:30,592 - src.ui.vietnam_main_window - INFO - Formatted questions: [{'question_id': 1, 'question': 'haha', 'question_type': 'Existence Checking', 'answerable': 0, 'tags': ['CUP'], 'qa_source': 'manually_annotated', 'answers': ['Không thể trả lời được câu hỏi dựa vào thông tin trong ảnh']}]
2025-03-24 21:42:30,592 - src.ui.vietnam_main_window - INFO - Saving for image: 0803.png, base name: 0803
2025-03-24 21:42:30,592 - src.ui.vietnam_main_window - INFO - JSON path: data/labels/0803.json
2025-03-24 21:42:30,592 - src.ui.vietnam_main_window - INFO - TXT path: data/labels/0803.txt
2025-03-24 21:42:30,592 - src.ui.vietnam_main_window - INFO - Label folder exists: True
2025-03-24 21:42:30,593 - src.ui.vietnam_main_window - INFO - Label folder path: /Users/minhduy/Project/image_labelling_tool/data/labels
2025-03-24 21:42:30,593 - src.ui.vietnam_main_window - INFO - Selected image source: self_collected
2025-03-24 21:42:30,593 - src.ui.vietnam_main_window - INFO - Attempting to save JSON to: data/labels/0803.json
2025-03-24 21:42:30,593 - src.ui.vietnam_main_window - INFO - Successfully wrote JSON file: data/labels/0803.json
2025-03-24 21:42:30,593 - src.ui.vietnam_main_window - INFO - Attempting to save TXT to: data/labels/0803.txt
2025-03-24 21:42:30,593 - src.ui.vietnam_main_window - INFO - Successfully wrote TXT file: data/labels/0803.txt
2025-03-24 21:42:31,480 - src.ui.vietnam_main_window - INFO - Save completed successfully!
2025-03-24 21:47:33,409 - __main__ - INFO - Starting Vietnamese Image Labeling Tool
2025-03-24 21:47:44,032 - src.ui.vietnam_main_window - INFO - Question confirmed, initiating save...
2025-03-24 21:47:44,032 - src.ui.vietnam_main_window - INFO - Starting save_current_data...
2025-03-24 21:47:44,033 - src.ui.vietnam_main_window - INFO - Original questions to save: [{'question_id': 1, 'question': 'ha ha', 'question_type': 'existence_checking', 'answerable': 0, 'source': 'manually_annotated', 'answers': [{'answer_id': 1, 'answer_text': 'Không thể trả lời được câu hỏi dựa vào thông tin trong ảnh', 'is_correct': False}], 'tags': ['CUP'], 'is_confirmed': True, 'original_text': 'ha ha'}]
2025-03-24 21:47:44,033 - src.ui.vietnam_main_window - INFO - Formatted questions: [OrderedDict([('question_id', 1), ('question', 'ha ha'), ('question_type', 'Existence Checking'), ('answerable', 0), ('answers', ['Không thể trả lời được câu hỏi dựa vào thông tin trong ảnh']), ('tags', ['CUP']), ('qa_source', 'manually_annotated')])]
2025-03-24 21:47:44,033 - src.ui.vietnam_main_window - INFO - Saving for image: 0803.png, base name: 0803
2025-03-24 21:47:44,033 - src.ui.vietnam_main_window - INFO - JSON path: data/labels/0803.json
2025-03-24 21:47:44,033 - src.ui.vietnam_main_window - INFO - Label folder exists: True
2025-03-24 21:47:44,033 - src.ui.vietnam_main_window - INFO - Label folder path: /Users/minhduy/Project/image_labelling_tool/data/labels
2025-03-24 21:47:44,033 - src.ui.vietnam_main_window - INFO - Selected image source: manually_collected
2025-03-24 21:47:44,033 - src.ui.vietnam_main_window - INFO - Attempting to save JSON to: data/labels/0803.json
2025-03-24 21:47:44,033 - src.ui.vietnam_main_window - INFO - Successfully wrote JSON file: data/labels/0803.json
2025-03-24 21:47:45,003 - src.ui.vietnam_main_window - INFO - Save completed successfully!
2025-03-24 21:48:05,550 - __main__ - INFO - Starting Vietnamese Image Labeling Tool
2025-03-24 21:48:22,109 - src.ui.vietnam_main_window - INFO - Question confirmed, initiating save...
2025-03-24 21:48:22,110 - src.ui.vietnam_main_window - INFO - Starting save_current_data...
2025-03-24 21:48:22,110 - src.ui.vietnam_main_window - INFO - Original questions to save: [{'question_id': 1, 'question': 'h a ha', 'question_type': 'existence_checking', 'answerable': 1, 'source': 'manually_annotated', 'answers': [{'answer_id': 1, 'answer_text': 'khum', 'is_correct': False}], 'tags': ['CUP'], 'is_confirmed': True, 'original_text': 'h a ha'}]
2025-03-24 21:48:22,110 - src.ui.vietnam_main_window - INFO - Formatted questions: [OrderedDict([('question_id', 1), ('question', 'h a ha'), ('question_type', 'Existence Checking'), ('answerable', 1), ('answers', ['khum']), ('tags', ['CUP']), ('qa_source', 'manually_annotated')])]
2025-03-24 21:48:22,110 - src.ui.vietnam_main_window - INFO - Saving for image: 0803.png, base name: 0803
2025-03-24 21:48:22,110 - src.ui.vietnam_main_window - INFO - JSON path: data/labels/0803.json
2025-03-24 21:48:22,110 - src.ui.vietnam_main_window - INFO - Label folder exists: True
2025-03-24 21:48:22,110 - src.ui.vietnam_main_window - INFO - Label folder path: /Users/minhduy/Project/image_labelling_tool/data/labels
2025-03-24 21:48:22,110 - src.ui.vietnam_main_window - INFO - Selected image source: manually_collected
2025-03-24 21:48:22,110 - src.ui.vietnam_main_window - INFO - Attempting to save JSON to: data/labels/0803.json
2025-03-24 21:48:22,111 - src.ui.vietnam_main_window - INFO - Successfully wrote JSON file: data/labels/0803.json
2025-03-24 21:48:23,347 - src.ui.vietnam_main_window - INFO - Save completed successfully!
2025-03-24 21:48:27,038 - __main__ - INFO - Starting Vietnamese Image Labeling Tool
2025-03-24 21:48:50,395 - __main__ - INFO - Starting Vietnamese Image Labeling Tool
2025-03-24 21:49:02,821 - __main__ - INFO - Starting Vietnamese Image Labeling Tool
2025-03-24 21:51:33,639 - __main__ - INFO - Starting Vietnamese Image Labeling Tool
2025-03-24 21:54:26,442 - __main__ - INFO - Starting Vietnamese Image Labeling Tool
2025-03-24 21:56:56,728 - __main__ - INFO - Starting Vietnamese Image Labeling Tool
2025-03-24 21:57:15,944 - __main__ - INFO - Starting Vietnamese Image Labeling Tool
2025-03-24 22:00:50,802 - __main__ - INFO - Starting Vietnamese Image Labeling Tool
2025-03-24 22:01:46,113 - __main__ - INFO - Starting Vietnamese Image Labeling Tool
2025-03-24 22:12:38,612 - __main__ - INFO - Starting Vietnamese Image Labeling Tool
2025-03-24 22:14:04,509 - __main__ - INFO - Starting Vietnamese Image Labeling Tool
2025-03-24 22:16:55,260 - __main__ - INFO - Starting Vietnamese Image Labeling Tool
2025-03-24 22:19:14,472 - __main__ - INFO - Starting Vietnamese Image Labeling Tool
2025-03-24 22:29:17,325 - __main__ - INFO - Starting Vietnamese Image Labeling Tool
2025-03-24 22:38:03,410 - __main__ - INFO - Starting Vietnamese Image Labeling Tool
2025-03-24 22:50:16,447 - __main__ - INFO - Starting Vietnamese Image Labeling Tool
2025-03-24 22:52:22,166 - __main__ - INFO - Starting Vietnamese Image Labeling Tool
2025-03-24 23:05:21,761 - __main__ - INFO - Starting Vietnamese Image Labeling Tool
2025-03-24 23:08:27,122 - __main__ - INFO - Starting Vietnamese Image Labeling Tool
2025-03-24 23:16:03,483 - __main__ - INFO - Starting Vietnamese Image Labeling Tool
2025-03-24 23:16:17,623 - src.ui.vietnam_main_window - INFO - Question confirmed, initiating save...
2025-03-24 23:16:17,624 - src.ui.vietnam_main_window - INFO - Starting save_current_data...
2025-03-24 23:16:17,626 - src.ui.vietnam_main_window - INFO - Original questions to save: [{'question_id': 1, 'question': 'ha ha', 'question_type': 'existence_checking', 'answerable': 0, 'source': 'manually_annotated', 'answers': [{'answer_id': 1, 'answer_text': 'Không thể trả lời được câu hỏi dựa vào thông tin trong ảnh', 'is_correct': False}], 'tags': ['CUP'], 'is_confirmed': True, 'original_text': 'ha ha'}]
2025-03-24 23:16:17,626 - src.ui.vietnam_main_window - INFO - Formatted questions: [OrderedDict([('question_id', 1), ('question', 'ha ha'), ('question_type', 'Existence Checking'), ('answerable', 0), ('answers', ['Không thể trả lời được câu hỏi dựa vào thông tin trong ảnh']), ('tags', ['CUP']), ('qa_source', 'manually_annotated')])]
2025-03-24 23:16:17,626 - src.ui.vietnam_main_window - INFO - Saving for image: 0803.png, base name: 0803
2025-03-24 23:16:17,626 - src.ui.vietnam_main_window - INFO - JSON path: data/labels/0803.json
2025-03-24 23:16:17,626 - src.ui.vietnam_main_window - INFO - Label folder exists: True
2025-03-24 23:16:17,626 - src.ui.vietnam_main_window - INFO - Label folder path: /Users/minhduy/Project/image_labelling_tool/data/labels
2025-03-24 23:16:17,626 - src.ui.vietnam_main_window - INFO - Selected image source: manually_collected
2025-03-24 23:16:17,626 - src.ui.vietnam_main_window - INFO - Attempting to save JSON to: data/labels/0803.json
2025-03-24 23:16:17,626 - src.ui.vietnam_main_window - INFO - Successfully wrote JSON file: data/labels/0803.json
2025-03-24 23:16:19,299 - src.ui.vietnam_main_window - INFO - Save completed successfully!
2025-03-24 23:16:19,299 - src.ui.vietnam_main_window - INFO - Save successful, moving to next image...
2025-03-24 23:23:02,708 - __main__ - INFO - Starting Vietnamese Image Labeling Tool
2025-03-24 23:23:13,241 - __main__ - INFO - Starting Vietnamese Image Labeling Tool
2025-03-24 23:23:27,319 - src.ui.vietnam_main_window - INFO - Question confirmed, initiating save...
2025-03-24 23:23:27,321 - src.ui.vietnam_main_window - INFO - Starting save_current_data...
2025-03-24 23:23:27,321 - src.ui.vietnam_main_window - INFO - Original questions to save: [{'question_id': 1, 'question': 'Ha ha', 'question_type': 'existence_checking', 'answerable': 0, 'source': 'manually_annotated', 'answers': [{'answer_id': 1, 'answer_text': 'Không thể trả lời được câu hỏi dựa vào thông tin trong ảnh', 'is_correct': False}], 'tags': ['CUP'], 'is_confirmed': True, 'original_text': 'Ha ha'}]
2025-03-24 23:23:27,322 - src.ui.vietnam_main_window - INFO - Formatted questions: [OrderedDict([('question_id', 1), ('question', 'Ha ha'), ('question_type', 'Existence Checking'), ('answerable', 0), ('answers', ['Không thể trả lời được câu hỏi dựa vào thông tin trong ảnh']), ('tags', ['CUP']), ('qa_source', 'manually_annotated')])]
2025-03-24 23:23:27,322 - src.ui.vietnam_main_window - INFO - Saving for image: 0803.png, base name: 0803
2025-03-24 23:23:27,323 - src.ui.vietnam_main_window - INFO - JSON path: data/labels/0803.json
2025-03-24 23:23:27,323 - src.ui.vietnam_main_window - INFO - Label folder exists: True
2025-03-24 23:23:27,323 - src.ui.vietnam_main_window - INFO - Label folder path: /Users/minhduy/Project/image_labelling_tool/data/labels
2025-03-24 23:23:27,323 - src.ui.vietnam_main_window - INFO - Selected image source: manually_collected
2025-03-24 23:23:27,323 - src.ui.vietnam_main_window - INFO - Attempting to save JSON to: data/labels/0803.json
2025-03-24 23:23:27,323 - src.ui.vietnam_main_window - INFO - Successfully wrote JSON file: data/labels/0803.json
2025-03-24 23:23:28,339 - src.ui.vietnam_main_window - INFO - Save completed successfully!
2025-03-24 23:23:28,339 - src.ui.vietnam_main_window - INFO - Save successful, moving to next image...
2025-03-24 23:26:24,259 - __main__ - INFO - Starting Vietnamese Image Labeling Tool
2025-03-24 23:27:41,519 - __main__ - INFO - Starting Vietnamese Image Labeling Tool
2025-03-24 23:27:56,598 - src.ui.vietnam_main_window - INFO - Question confirmed, initiating save...
2025-03-24 23:27:56,599 - src.ui.vietnam_main_window - INFO - Starting save_current_data...
2025-03-24 23:27:56,599 - src.ui.vietnam_main_window - INFO - Original questions to save: [{'question_id': 1, 'question': 'ha ha', 'question_type': 'existence_checking', 'answerable': 0, 'source': 'manually_annotated', 'answers': [{'answer_id': 1, 'answer_text': 'Không thể trả lời được câu hỏi dựa vào thông tin trong ảnh', 'is_correct': False}], 'tags': ['CUP'], 'is_confirmed': True, 'original_text': 'ha ha'}]
2025-03-24 23:27:56,599 - src.ui.vietnam_main_window - INFO - Formatted questions: [OrderedDict([('question_id', 1), ('question', 'ha ha'), ('question_type', 'Existence Checking'), ('answerable', 0), ('answers', ['Không thể trả lời được câu hỏi dựa vào thông tin trong ảnh']), ('tags', ['CUP']), ('qa_source', 'manually_annotated')])]
2025-03-24 23:27:56,599 - src.ui.vietnam_main_window - INFO - Saving for image: 0803.png, base name: 0803
2025-03-24 23:27:56,599 - src.ui.vietnam_main_window - INFO - JSON path: data/labels/0803.json
2025-03-24 23:27:56,599 - src.ui.vietnam_main_window - INFO - Label folder exists: True
2025-03-24 23:27:56,599 - src.ui.vietnam_main_window - INFO - Label folder path: /Users/minhduy/Project/image_labelling_tool/data/labels
2025-03-24 23:27:56,599 - src.ui.vietnam_main_window - INFO - Selected image source: manually_collected
2025-03-24 23:27:56,599 - src.ui.vietnam_main_window - INFO - Attempting to save JSON to: data/labels/0803.json
2025-03-24 23:27:56,600 - src.ui.vietnam_main_window - INFO - Successfully wrote JSON file: data/labels/0803.json
2025-03-24 23:27:57,431 - src.ui.vietnam_main_window - INFO - Save completed successfully!
2025-03-24 23:27:57,431 - src.ui.vietnam_main_window - INFO - Save successful, moving to next image...
2025-03-24 23:32:58,902 - __main__ - INFO - Starting Vietnamese Image Labeling Tool
2025-03-24 23:33:19,983 - src.ui.vietnam_main_window - INFO - Question confirmed, initiating save...
2025-03-24 23:33:19,984 - src.ui.vietnam_main_window - INFO - Starting save_current_data...
2025-03-24 23:33:19,985 - src.ui.vietnam_main_window - INFO - Original questions to save: [{'question_id': 1, 'question': 'haha', 'question_type': 'existence_checking', 'answerable': 0, 'source': 'manually_annotated', 'answers': [{'answer_id': 1, 'answer_text': 'Không thể trả lời được câu hỏi dựa vào thông tin trong ảnh', 'is_correct': False}], 'tags': ['WALLET'], 'is_confirmed': True, 'original_text': 'haha'}]
2025-03-24 23:33:19,985 - src.ui.vietnam_main_window - INFO - Formatted questions: [OrderedDict([('question_id', 1), ('question', 'haha'), ('question_type', 'Existence Checking'), ('answerable', 0), ('answers', ['Không thể trả lời được câu hỏi dựa vào thông tin trong ảnh']), ('tags', ['WALLET']), ('qa_source', 'manually_annotated')])]
2025-03-24 23:33:19,985 - src.ui.vietnam_main_window - INFO - Saving for image: 0803.png, base name: 0803
2025-03-24 23:33:19,985 - src.ui.vietnam_main_window - INFO - JSON path: data/labels/0803.json
2025-03-24 23:33:19,985 - src.ui.vietnam_main_window - INFO - Label folder exists: True
2025-03-24 23:33:19,985 - src.ui.vietnam_main_window - INFO - Label folder path: /Users/minhduy/Project/image_labelling_tool/data/labels
2025-03-24 23:33:19,985 - src.ui.vietnam_main_window - INFO - Selected image source: manually_collected
2025-03-24 23:33:19,985 - src.ui.vietnam_main_window - INFO - Attempting to save JSON to: data/labels/0803.json
2025-03-24 23:33:19,985 - src.ui.vietnam_main_window - INFO - Successfully wrote JSON file: data/labels/0803.json
2025-03-24 23:33:21,279 - src.ui.vietnam_main_window - INFO - Save completed successfully!
2025-03-24 23:33:21,279 - src.ui.vietnam_main_window - INFO - Save successful, moving to next image...
2025-03-27 18:40:36,032 - __main__ - INFO - Starting Vietnamese Image Labeling Tool
2025-03-27 18:40:46,612 - __main__ - INFO - Starting Vietnamese Image Labeling Tool
2025-03-28 20:55:38,122 - __main__ - INFO - Starting Vietnamese Image Labeling Tool
2025-03-28 20:55:47,219 - __main__ - INFO - Starting Vietnamese Image Labeling Tool
2025-03-28 20:56:11,208 - src.ui.vietnam_main_window - INFO - Question confirmed, initiating save...
2025-03-28 20:56:11,209 - src.ui.vietnam_main_window - INFO - Starting save_current_data...
2025-03-28 20:56:11,209 - src.ui.vietnam_main_window - INFO - Original questions to save: [{'question_id': 1, 'question': 'Ha ha', 'question_type': 'existence_checking', 'answerable': 0, 'source': 'manually_annotated', 'answers': [{'answer_id': 1, 'answer_text': 'Không thể trả lời được câu hỏi dựa vào thông tin trong ảnh', 'is_correct': False}], 'tags': ['WATER_BOTTLE'], 'is_confirmed': True, 'original_text': 'Ha ha'}]
2025-03-28 20:56:11,210 - src.ui.vietnam_main_window - INFO - Formatted questions: [OrderedDict([('question_id', 1), ('question', 'Ha ha'), ('question_type', 'Existence Checking'), ('answerable', 0), ('answers', ['Không thể trả lời được câu hỏi dựa vào thông tin trong ảnh']), ('tags', ['WATER_BOTTLE']), ('qa_source', 'manually_annotated')])]
2025-03-28 20:56:11,210 - src.ui.vietnam_main_window - INFO - Saving for image: 0803.png, base name: 0803
2025-03-28 20:56:11,210 - src.ui.vietnam_main_window - INFO - JSON path: data/labels/0803.json
2025-03-28 20:56:11,210 - src.ui.vietnam_main_window - INFO - Label folder exists: True
2025-03-28 20:56:11,210 - src.ui.vietnam_main_window - INFO - Label folder path: /Users/minhduy/Project/image_labelling_tool/data/labels
2025-03-28 20:56:11,210 - src.ui.vietnam_main_window - INFO - Selected image source: manually_collected
2025-03-28 20:56:11,210 - src.ui.vietnam_main_window - INFO - Attempting to save JSON to: data/labels/0803.json
2025-03-28 20:56:11,210 - src.ui.vietnam_main_window - INFO - Successfully wrote JSON file: data/labels/0803.json
2025-03-28 20:56:12,418 - src.ui.vietnam_main_window - INFO - Save completed successfully!
2025-03-28 20:56:12,418 - src.ui.vietnam_main_window - INFO - Save successful, moving to next image...
